# JRE version: OpenJDK Runtime Environment (17.0.9) (build 17.0.9+0--11185874)
# Java VM: OpenJDK 64-Bit Server VM (17.0.9+0--11185874, mixed mode, tiered, compressed oops, compressed class ptrs, g1 gc, windows-amd64)
GC Precious Log:
 CPUs: 6 total, 6 available
 Memory: 16325M
 Large Page Support: Disabled
 NUMA Support: Disabled
 Compressed Oops: Enabled (32-bit)
 Heap Region Size: 1M
 Heap Min Capacity: 8M
 Heap Initial Capacity: 256M
 Heap Max Capacity: 2G
 Pre-touch: Disabled
 Parallel Workers: 6
 Concurrent Workers: 2
 Concurrent Refinement Workers: 6
 Periodic GC: Disabled
Heap:
 garbage-first heap   total 93184K, used 53548K [0x0000000080000000, 0x0000000100000000)
  region size 1024K, 13 young (13312K), 3 survivors (3072K)
 Metaspace       used 45034K, committed 45440K, reserved 491520K
  class space    used 6125K, committed 6336K, reserved 425984K
GC Heap History (20 events):
Event: 0.997 GC heap before
{Heap before GC invocations=1 (full 0):
 garbage-first heap   total 262144K, used 31857K [0x0000000080000000, 0x0000000100000000)
  region size 1024K, 25 young (25600K), 3 survivors (3072K)
 Metaspace       used 11453K, committed 11648K, reserved 491520K
  class space    used 1200K, committed 1280K, reserved 425984K
}
Event: 0.999 GC heap after
{Heap after GC invocations=2 (full 0):
 garbage-first heap   total 262144K, used 11322K [0x0000000080000000, 0x0000000100000000)
  region size 1024K, 1 young (1024K), 1 survivors (1024K)
 Metaspace       used 11453K, committed 11648K, reserved 491520K
  class space    used 1200K, committed 1280K, reserved 425984K
}
Event: 1.835 GC heap before
{Heap before GC invocations=2 (full 0):
 garbage-first heap   total 262144K, used 61498K [0x0000000080000000, 0x0000000100000000)
  region size 1024K, 50 young (51200K), 1 survivors (1024K)
 Metaspace       used 21291K, committed 21504K, reserved 491520K
  class space    used 2517K, committed 2624K, reserved 425984K
}
Event: 1.838 GC heap after
{Heap after GC invocations=3 (full 0):
 garbage-first heap   total 262144K, used 19274K [0x0000000080000000, 0x0000000100000000)
  region size 1024K, 9 young (9216K), 9 survivors (9216K)
 Metaspace       used 21291K, committed 21504K, reserved 491520K
  class space    used 2517K, committed 2624K, reserved 425984K
}
Event: 2.286 GC heap before
{Heap before GC invocations=4 (full 0):
 garbage-first heap   total 71680K, used 53066K [0x0000000080000000, 0x0000000100000000)
  region size 1024K, 42 young (43008K), 9 survivors (9216K)
 Metaspace       used 26261K, committed 26560K, reserved 491520K
  class space    used 3386K, committed 3520K, reserved 425984K
}
Event: 2.290 GC heap after
{Heap after GC invocations=5 (full 0):
 garbage-first heap   total 71680K, used 20989K [0x0000000080000000, 0x0000000100000000)
  region size 1024K, 3 young (3072K), 3 survivors (3072K)
 Metaspace       used 26261K, committed 26560K, reserved 491520K
  class space    used 3386K, committed 3520K, reserved 425984K
}
Event: 2.737 GC heap before
{Heap before GC invocations=5 (full 0):
 garbage-first heap   total 71680K, used 47613K [0x0000000080000000, 0x0000000100000000)
  region size 1024K, 29 young (29696K), 3 survivors (3072K)
 Metaspace       used 30046K, committed 30336K, reserved 491520K
  class space    used 4032K, committed 4160K, reserved 425984K
}
Event: 2.739 GC heap after
{Heap after GC invocations=6 (full 0):
 garbage-first heap   total 71680K, used 22310K [0x0000000080000000, 0x0000000100000000)
  region size 1024K, 4 young (4096K), 4 survivors (4096K)
 Metaspace       used 30046K, committed 30336K, reserved 491520K
  class space    used 4032K, committed 4160K, reserved 425984K
}
Event: 3.983 GC heap before
{Heap before GC invocations=6 (full 0):
 garbage-first heap   total 71680K, used 58150K [0x0000000080000000, 0x0000000100000000)
  region size 1024K, 30 young (30720K), 4 survivors (4096K)
 Metaspace       used 32808K, committed 33088K, reserved 491520K
  class space    used 4492K, committed 4608K, reserved 425984K
}
Event: 3.986 GC heap after
{Heap after GC invocations=7 (full 0):
 garbage-first heap   total 71680K, used 38188K [0x0000000080000000, 0x0000000100000000)
  region size 1024K, 4 young (4096K), 4 survivors (4096K)
 Metaspace       used 32808K, committed 33088K, reserved 491520K
  class space    used 4492K, committed 4608K, reserved 425984K
}
Event: 4.213 GC heap before
{Heap before GC invocations=7 (full 0):
 garbage-first heap   total 71680K, used 54572K [0x0000000080000000, 0x0000000100000000)
  region size 1024K, 21 young (21504K), 4 survivors (4096K)
 Metaspace       used 35079K, committed 35456K, reserved 491520K
  class space    used 4845K, committed 4992K, reserved 425984K
}
Event: 4.215 GC heap after
{Heap after GC invocations=8 (full 0):
 garbage-first heap   total 71680K, used 39029K [0x0000000080000000, 0x0000000100000000)
  region size 1024K, 1 young (1024K), 1 survivors (1024K)
 Metaspace       used 35079K, committed 35456K, reserved 491520K
  class space    used 4845K, committed 4992K, reserved 425984K
}
Event: 4.405 GC heap before
{Heap before GC invocations=9 (full 0):
 garbage-first heap   total 71680K, used 56437K [0x0000000080000000, 0x0000000100000000)
  region size 1024K, 19 young (19456K), 1 survivors (1024K)
 Metaspace       used 38470K, committed 38848K, reserved 491520K
  class space    used 5250K, committed 5440K, reserved 425984K
}
Event: 4.406 GC heap after
{Heap after GC invocations=10 (full 0):
 garbage-first heap   total 71680K, used 39611K [0x0000000080000000, 0x0000000100000000)
  region size 1024K, 2 young (2048K), 2 survivors (2048K)
 Metaspace       used 38470K, committed 38848K, reserved 491520K
  class space    used 5250K, committed 5440K, reserved 425984K
}
Event: 4.505 GC heap before
{Heap before GC invocations=10 (full 0):
 garbage-first heap   total 71680K, used 55995K [0x0000000080000000, 0x0000000100000000)
  region size 1024K, 19 young (19456K), 2 survivors (2048K)
 Metaspace       used 39052K, committed 39360K, reserved 491520K
  class space    used 5306K, committed 5440K, reserved 425984K
}
Event: 4.507 GC heap after
{Heap after GC invocations=11 (full 0):
 garbage-first heap   total 71680K, used 41849K [0x0000000080000000, 0x0000000100000000)
  region size 1024K, 3 young (3072K), 3 survivors (3072K)
 Metaspace       used 39052K, committed 39360K, reserved 491520K
  class space    used 5306K, committed 5440K, reserved 425984K
}
Event: 4.679 GC heap before
{Heap before GC invocations=12 (full 0):
 garbage-first heap   total 75776K, used 57209K [0x0000000080000000, 0x0000000100000000)
  region size 1024K, 19 young (19456K), 3 survivors (3072K)
 Metaspace       used 41489K, committed 41856K, reserved 491520K
  class space    used 5747K, committed 5888K, reserved 425984K
}
Event: 4.681 GC heap after
{Heap after GC invocations=13 (full 0):
 garbage-first heap   total 75776K, used 43488K [0x0000000080000000, 0x0000000100000000)
  region size 1024K, 2 young (2048K), 2 survivors (2048K)
 Metaspace       used 41489K, committed 41856K, reserved 491520K
  class space    used 5747K, committed 5888K, reserved 425984K
}
Event: 4.930 GC heap before
{Heap before GC invocations=13 (full 0):
 garbage-first heap   total 75776K, used 58848K [0x0000000080000000, 0x0000000100000000)
  region size 1024K, 18 young (18432K), 2 survivors (2048K)
 Metaspace       used 43323K, committed 43712K, reserved 491520K
  class space    used 5938K, committed 6144K, reserved 425984K
}
Event: 4.932 GC heap after
{Heap after GC invocations=14 (full 0):
 garbage-first heap   total 93184K, used 44332K [0x0000000080000000, 0x0000000100000000)
  region size 1024K, 3 young (3072K), 3 survivors (3072K)
 Metaspace       used 43323K, committed 43712K, reserved 491520K
  class space    used 5938K, committed 6144K, reserved 425984K
}

